<?xml version="1.0" encoding="UTF-8"?>
<testsuite xmlns:xsi="http://www.w3.org/2001/XMLSchema-instance" xsi:noNamespaceSchemaLocation="https://maven.apache.org/surefire/maven-surefire-plugin/xsd/surefire-test-report.xsd" name="com.pingcap.test.AppTest" time="0.091" tests="3" errors="2" skipped="0" failures="0">
  <properties>
    <property name="gopherProxySet" value="false"/>
    <property name="awt.toolkit" value="sun.lwawt.macosx.LWCToolkit"/>
    <property name="file.encoding.pkg" value="sun.io"/>
    <property name="java.specification.version" value="1.8"/>
    <property name="sun.cpu.isalist" value=""/>
    <property name="sun.jnu.encoding" value="UTF-8"/>
    <property name="java.class.path" value="/Users/alan/work/learn/java/bptree/target/test-classes:/Users/alan/work/learn/java/bptree/target/classes:/Users/alan/.m2/repository/junit/junit/4.11/junit-4.11.jar:/Users/alan/.m2/repository/org/hamcrest/hamcrest-core/1.3/hamcrest-core-1.3.jar:"/>
    <property name="java.vm.vendor" value="Oracle Corporation"/>
    <property name="sun.arch.data.model" value="64"/>
    <property name="java.vendor.url" value="http://java.oracle.com/"/>
    <property name="user.timezone" value=""/>
    <property name="java.vm.specification.version" value="1.8"/>
    <property name="os.name" value="Mac OS X"/>
    <property name="user.country" value="CN"/>
    <property name="sun.java.launcher" value="SUN_STANDARD"/>
    <property name="sun.boot.library.path" value="/Library/Java/JavaVirtualMachines/jdk1.8.0_311.jdk/Contents/Home/jre/lib"/>
    <property name="sun.java.command" value="/Users/alan/work/learn/java/bptree/target/surefire/surefirebooter5375104776588843155.jar /Users/alan/work/learn/java/bptree/target/surefire 2022-07-06T12-56-19_589-jvmRun1 surefire4327528661219839476tmp surefire_06613264895929538552tmp"/>
    <property name="http.nonProxyHosts" value="local|*.local|169.254/16|*.169.254/16"/>
    <property name="surefire.test.class.path" value="/Users/alan/work/learn/java/bptree/target/test-classes:/Users/alan/work/learn/java/bptree/target/classes:/Users/alan/.m2/repository/junit/junit/4.11/junit-4.11.jar:/Users/alan/.m2/repository/org/hamcrest/hamcrest-core/1.3/hamcrest-core-1.3.jar:"/>
    <property name="sun.cpu.endian" value="little"/>
    <property name="user.home" value="/Users/alan"/>
    <property name="user.language" value="zh"/>
    <property name="java.specification.vendor" value="Oracle Corporation"/>
    <property name="java.home" value="/Library/Java/JavaVirtualMachines/jdk1.8.0_311.jdk/Contents/Home/jre"/>
    <property name="basedir" value="/Users/alan/work/learn/java/bptree"/>
    <property name="file.separator" value="/"/>
    <property name="line.separator" value="&#10;"/>
    <property name="java.vm.specification.vendor" value="Oracle Corporation"/>
    <property name="java.specification.name" value="Java Platform API Specification"/>
    <property name="java.awt.graphicsenv" value="sun.awt.CGraphicsEnvironment"/>
    <property name="surefire.real.class.path" value="/Users/alan/work/learn/java/bptree/target/surefire/surefirebooter5375104776588843155.jar"/>
    <property name="sun.boot.class.path" value="/Library/Java/JavaVirtualMachines/jdk1.8.0_311.jdk/Contents/Home/jre/lib/resources.jar:/Library/Java/JavaVirtualMachines/jdk1.8.0_311.jdk/Contents/Home/jre/lib/rt.jar:/Library/Java/JavaVirtualMachines/jdk1.8.0_311.jdk/Contents/Home/jre/lib/sunrsasign.jar:/Library/Java/JavaVirtualMachines/jdk1.8.0_311.jdk/Contents/Home/jre/lib/jsse.jar:/Library/Java/JavaVirtualMachines/jdk1.8.0_311.jdk/Contents/Home/jre/lib/jce.jar:/Library/Java/JavaVirtualMachines/jdk1.8.0_311.jdk/Contents/Home/jre/lib/charsets.jar:/Library/Java/JavaVirtualMachines/jdk1.8.0_311.jdk/Contents/Home/jre/lib/jfr.jar:/Library/Java/JavaVirtualMachines/jdk1.8.0_311.jdk/Contents/Home/jre/classes"/>
    <property name="sun.management.compiler" value="HotSpot 64-Bit Tiered Compilers"/>
    <property name="ftp.nonProxyHosts" value="local|*.local|169.254/16|*.169.254/16"/>
    <property name="java.runtime.version" value="1.8.0_311-b11"/>
    <property name="user.name" value="alan"/>
    <property name="path.separator" value=":"/>
    <property name="os.version" value="10.16"/>
    <property name="java.endorsed.dirs" value="/Library/Java/JavaVirtualMachines/jdk1.8.0_311.jdk/Contents/Home/jre/lib/endorsed"/>
    <property name="java.runtime.name" value="Java(TM) SE Runtime Environment"/>
    <property name="file.encoding" value="UTF-8"/>
    <property name="java.vm.name" value="Java HotSpot(TM) 64-Bit Server VM"/>
    <property name="localRepository" value="/Users/alan/.m2/repository"/>
    <property name="java.vendor.url.bug" value="http://bugreport.sun.com/bugreport/"/>
    <property name="java.io.tmpdir" value="/var/folders/33/n0j88lxj3296bxx_m1y8dk340000gn/T/"/>
    <property name="java.version" value="1.8.0_311"/>
    <property name="user.dir" value="/Users/alan/work/learn/java/bptree"/>
    <property name="os.arch" value="x86_64"/>
    <property name="java.vm.specification.name" value="Java Virtual Machine Specification"/>
    <property name="java.awt.printerjob" value="sun.lwawt.macosx.CPrinterJob"/>
    <property name="sun.os.patch.level" value="unknown"/>
    <property name="java.library.path" value="/Users/alan/Library/Java/Extensions:/Library/Java/Extensions:/Network/Library/Java/Extensions:/System/Library/Java/Extensions:/usr/lib/java:."/>
    <property name="java.vm.info" value="mixed mode"/>
    <property name="java.vendor" value="Oracle Corporation"/>
    <property name="java.vm.version" value="25.311-b11"/>
    <property name="java.ext.dirs" value="/Users/alan/Library/Java/Extensions:/Library/Java/JavaVirtualMachines/jdk1.8.0_311.jdk/Contents/Home/jre/lib/ext:/Library/Java/Extensions:/Network/Library/Java/Extensions:/System/Library/Java/Extensions:/usr/lib/java"/>
    <property name="sun.io.unicode.encoding" value="UnicodeBig"/>
    <property name="java.class.version" value="52.0"/>
    <property name="socksNonProxyHosts" value="local|*.local|169.254/16|*.169.254/16"/>
  </properties>
  <testcase name="shouldAnswerWithTrue" classname="com.pingcap.test.AppTest" time="0.005"/>
  <testcase name="test1" classname="com.pingcap.test.AppTest" time="0.03">
    <error message="Index: 4, Size: 4" type="java.lang.IndexOutOfBoundsException">java.lang.IndexOutOfBoundsException: Index: 4, Size: 4
	at com.pingcap.test.AppTest.test1(AppTest.java:30)
</error>
    <system-out><![CDATA[node(id=1, key=[641], father=0, pos_in_father=-1, children=[]), next=0, last=0, deleted=false
-----------------
node(id=1, key=[641,974], father=0, pos_in_father=-1, children=[]), next=0, last=0, deleted=false
-----------------
node(id=4, key=[641], father=0, pos_in_father=-1, children=[2,3]), next=0, last=0, deleted=false
node(id=2, key=[240], father=4, pos_in_father=0, children=[]), next=3, last=0, deleted=false
node(id=3, key=[641,974], father=4, pos_in_father=1, children=[]), next=0, last=2, deleted=false
-----------------
node(id=4, key=[641], father=0, pos_in_father=-1, children=[2,3]), next=0, last=0, deleted=false
node(id=2, key=[240,245], father=4, pos_in_father=0, children=[]), next=3, last=0, deleted=false
node(id=3, key=[641,974], father=4, pos_in_father=1, children=[]), next=0, last=2, deleted=false
-----------------
node(id=4, key=[240,641], father=0, pos_in_father=-1, children=[5,2,6]), next=0, last=0, deleted=false
node(id=5, key=[117], father=4, pos_in_father=1, children=[]), next=6, last=0, deleted=false
node(id=2, key=[117,240,245], father=4, pos_in_father=1, children=[]), next=3, last=0, deleted=false
node(id=6, key=[240,245], father=4, pos_in_father=2, children=[]), next=3, last=5, deleted=false
-----------------
node(id=4, key=[240,641], father=0, pos_in_father=-1, children=[5,2,6]), next=0, last=0, deleted=false
node(id=5, key=[10,117], father=4, pos_in_father=1, children=[]), next=6, last=0, deleted=false
node(id=2, key=[117,240,245], father=4, pos_in_father=1, children=[]), next=3, last=0, deleted=false
node(id=6, key=[240,245], father=4, pos_in_father=2, children=[]), next=3, last=5, deleted=false
-----------------
]]></system-out>
  </testcase>
  <testcase name="test2" classname="com.pingcap.test.AppTest" time="0.006">
    <error message="Index: 3, Size: 3" type="java.lang.IndexOutOfBoundsException">java.lang.IndexOutOfBoundsException: Index: 3, Size: 3
	at com.pingcap.test.AppTest.test2(AppTest.java:49)
</error>
    <system-out><![CDATA[788,331,818,53,]]></system-out>
  </testcase>
</testsuite>